<?xml version="1.0" encoding="UTF-8"?>
<testng-results ignored="0" total="1" passed="1" failed="0" skipped="0">
  <reporter-output>
  </reporter-output>
  <suite started-at="2022-11-28T13:28:12 IST" name="Default suite" finished-at="2022-11-28T13:28:31 IST" duration-ms="19619">
    <groups>
    </groups>
    <test started-at="2022-11-28T13:28:12 IST" name="Default test" finished-at="2022-11-28T13:28:31 IST" duration-ms="19619">
      <class name="org.runner.Run">
        <test-method is-config="true" signature="test1()[pri:0, instance:org.runner.Run@1dde4cb2]" started-at="2022-11-28T13:28:12 IST" name="test1" finished-at="2022-11-28T13:28:12 IST" duration-ms="9" status="PASS">
          <reporter-output>
          </reporter-output>
        </test-method> <!-- test1 -->
        <test-method signature="test2()[pri:0, instance:org.runner.Run@1dde4cb2]" started-at="2022-11-28T13:28:12 IST" name="test2" finished-at="2022-11-28T13:28:31 IST" duration-ms="19562" status="PASS">
          <reporter-output>
          </reporter-output>
        </test-method> <!-- test2 -->
      </class> <!-- org.runner.Run -->
    </test> <!-- Default test -->
  </suite> <!-- Default suite -->
</testng-results>
